<?xml version="1.0" encoding="UTF-8"?>
<testng-results ignored="0" total="1" passed="1" failed="0" skipped="0">
  <reporter-output>
  </reporter-output>
  <suite started-at="2025-04-01T18:46:25 IST" name="Default suite" finished-at="2025-04-01T18:46:34 IST" duration-ms="9229">
    <groups>
      <group name="cucumber">
        <method signature="AbstractTestNGCucumberTests.runScenario(io.cucumber.testng.PickleWrapper,io.cucumber.testng.FeatureWrapper)[pri:0, instance:runner.TestRunner@31190526]" name="runScenario" class="io.cucumber.testng.AbstractTestNGCucumberTests"/>
      </group> <!-- cucumber -->
    </groups>
    <test started-at="2025-04-01T18:46:25 IST" name="Default test" finished-at="2025-04-01T18:46:34 IST" duration-ms="9229">
      <class name="runner.TestRunner">
        <test-method is-config="true" signature="setUpClass(org.testng.ITestContext)[pri:0, instance:runner.TestRunner@31190526]" started-at="2025-04-01T18:46:25 IST" name="setUpClass" finished-at="2025-04-01T18:46:26 IST" duration-ms="456" status="PASS">
          <params>
            <param index="0">
              <value>
                <![CDATA[org.testng.TestRunner@59ce792e]]>
              </value>
            </param>
          </params>
          <reporter-output>
          </reporter-output>
        </test-method> <!-- setUpClass -->
        <test-method is-config="true" signature="startReport()[pri:0, instance:runner.TestRunner@31190526]" started-at="2025-04-01T18:46:26 IST" name="startReport" finished-at="2025-04-01T18:46:26 IST" duration-ms="147" status="PASS">
          <reporter-output>
          </reporter-output>
        </test-method> <!-- startReport -->
        <test-method signature="runScenario(io.cucumber.testng.PickleWrapper,io.cucumber.testng.FeatureWrapper)[pri:0, instance:runner.TestRunner@31190526]" started-at="2025-04-01T18:46:26 IST" name="runScenario" description="Runs Cucumber Scenarios" data-provider="scenarios" finished-at="2025-04-01T18:46:34 IST" duration-ms="8140" status="PASS">
          <params>
            <param index="0">
              <value>
                <![CDATA["Search for jeans and verify results"]]>
              </value>
            </param>
            <param index="1">
              <value>
                <![CDATA["Levi.in Search Feature"]]>
              </value>
            </param>
          </params>
          <reporter-output>
          </reporter-output>
        </test-method> <!-- runScenario -->
        <test-method is-config="true" signature="endReport()[pri:0, instance:runner.TestRunner@31190526]" started-at="2025-04-01T18:46:34 IST" name="endReport" finished-at="2025-04-01T18:46:34 IST" duration-ms="407" status="PASS">
          <reporter-output>
          </reporter-output>
        </test-method> <!-- endReport -->
        <test-method is-config="true" signature="tearDownClass()[pri:0, instance:runner.TestRunner@31190526]" started-at="2025-04-01T18:46:34 IST" name="tearDownClass" finished-at="2025-04-01T18:46:34 IST" duration-ms="48" status="PASS">
          <reporter-output>
          </reporter-output>
        </test-method> <!-- tearDownClass -->
      </class> <!-- runner.TestRunner -->
    </test> <!-- Default test -->
  </suite> <!-- Default suite -->
</testng-results>
